c:\users\jmc\workspace\aiexampleproject\gettingstarted\debug\vc140.pdb
c:\users\jmc\workspace\aiexampleproject\gettingstarted\debug\vc140.idb
c:\users\jmc\workspace\aiexampleproject\gettingstarted\debug\ccamera.obj
c:\users\jmc\workspace\aiexampleproject\gettingstarted\debug\cenemy.obj
c:\users\jmc\workspace\aiexampleproject\gettingstarted\debug\centitybuilder.obj
c:\users\jmc\workspace\aiexampleproject\gettingstarted\debug\centityfactory.obj
c:\users\jmc\workspace\aiexampleproject\gettingstarted\debug\centityfactory_imp.obj
c:\users\jmc\workspace\aiexampleproject\gettingstarted\debug\chunter.obj
c:\users\jmc\workspace\aiexampleproject\gettingstarted\debug\cnamevaluepair.obj
c:\users\jmc\workspace\aiexampleproject\gettingstarted\debug\cobserver.obj
c:\users\jmc\workspace\aiexampleproject\gettingstarted\debug\cplayer.obj
c:\users\jmc\workspace\aiexampleproject\gettingstarted\debug\flocker.obj
c:\users\jmc\workspace\aiexampleproject\gettingstarted\debug\global.obj
c:\users\jmc\workspace\aiexampleproject\gettingstarted\debug\loadmesh.obj
c:\users\jmc\workspace\aiexampleproject\gettingstarted\debug\loadshaders.obj
c:\users\jmc\workspace\aiexampleproject\gettingstarted\debug\loadtexture.obj
c:\users\jmc\workspace\aiexampleproject\gettingstarted\debug\main.obj
c:\users\jmc\workspace\aiexampleproject\debug\gettingstarted.ilk
c:\users\jmc\workspace\aiexampleproject\debug\gettingstarted.exe
c:\users\jmc\workspace\aiexampleproject\debug\gettingstarted.pdb
c:\users\jmc\workspace\aiexampleproject\gettingstarted\debug\gettingstarted.tlog\cl.command.1.tlog
c:\users\jmc\workspace\aiexampleproject\gettingstarted\debug\gettingstarted.tlog\cl.read.1.tlog
c:\users\jmc\workspace\aiexampleproject\gettingstarted\debug\gettingstarted.tlog\cl.write.1.tlog
c:\users\jmc\workspace\aiexampleproject\gettingstarted\debug\gettingstarted.tlog\link.command.1.tlog
c:\users\jmc\workspace\aiexampleproject\gettingstarted\debug\gettingstarted.tlog\link.read.1.tlog
c:\users\jmc\workspace\aiexampleproject\gettingstarted\debug\gettingstarted.tlog\link.write.1.tlog
